[13:07:02] [ServerMain/INFO]: Environment: Environment[sessionHost=https://sessionserver.mojang.com, servicesHost=https://api.minecraftservices.com, name=PROD]
[13:07:04] [ServerMain/INFO]: Loaded 1290 recipes
[13:07:04] [ServerMain/INFO]: Loaded 1399 advancements
[13:07:05] [Server thread/INFO]: Starting minecraft server version 1.21.1
[13:07:05] [Server thread/INFO]: Loading properties
[13:07:05] [Server thread/INFO]: Default game type: SURVIVAL
[13:07:05] [Server thread/INFO]: Generating keypair
[13:07:06] [Server thread/INFO]: Starting Minecraft server on :::25565
[13:07:06] [Server thread/INFO]: Using default channel type
[13:07:06] [Server thread/INFO]: Preparing level "world"
[13:07:08] [Server thread/INFO]: Preparing start region for dimension minecraft:overworld
[13:07:09] [Worker-Main-3/INFO]: Preparing spawn area: 0%
[13:07:09] [Worker-Main-2/INFO]: Preparing spawn area: 0%
[13:07:09] [Server thread/INFO]: Time elapsed: 595 ms
[13:07:09] [Server thread/INFO]: Done (3.138s)! For help, type "help"
[13:07:26] [User Authenticator #1/INFO]: UUID of player schomey is 78a39070-eabf-4921-aec3-a931209e14c4
[13:07:27] [Server thread/INFO]: schomey[/192.168.0.24:61108] logged in with entity id 8 at (290.31293398730605, 75.0, 226.5673555333664)
[13:07:27] [Server thread/INFO]: schomey joined the game
[13:07:30] [Server thread/WARN]: Can't keep up! Is the server overloaded? Running 3480ms or 69 ticks behind
[13:08:08] [Server thread/WARN]: Can't keep up! Is the server overloaded? Running 22867ms or 457 ticks behind
[13:08:25] [Server thread/WARN]: Can't keep up! Is the server overloaded? Running 2325ms or 46 ticks behind
[13:40:24] [Server thread/INFO]: <schomey> -8273 1613
[13:51:22] [Server thread/WARN]: Can't keep up! Is the server overloaded? Running 2019ms or 40 ticks behind
[13:57:04] [Server thread/INFO]: schomey lost connection: Disconnected
[13:57:04] [Server thread/INFO]: schomey left the game
[13:57:13] [Server thread/INFO]: Saving the game (this may take a moment!)
[13:57:13] [Server thread/INFO]: Saved the game
[13:57:16] [Server thread/INFO]: Stopping the server
[13:57:16] [Server thread/INFO]: Stopping server
[13:57:16] [Server thread/INFO]: Saving players
[13:57:16] [Server thread/INFO]: Saving worlds
[13:57:16] [Server thread/INFO]: Saving chunks for level 'ServerLevel[Survival:2024]'/minecraft:overworld
[13:57:16] [Server thread/INFO]: Saving chunks for level 'ServerLevel[Survival:2024]'/minecraft:the_end
[13:57:17] [Server thread/INFO]: Saving chunks for level 'ServerLevel[Survival:2024]'/minecraft:the_nether
[13:57:17] [Server thread/INFO]: ThreadedAnvilChunkStorage (world): All chunks are saved
[13:57:17] [Server thread/INFO]: ThreadedAnvilChunkStorage (DIM1): All chunks are saved
[13:57:17] [Server thread/INFO]: ThreadedAnvilChunkStorage (DIM-1): All chunks are saved
[13:57:17] [Server thread/INFO]: ThreadedAnvilChunkStorage: All dimensions are saved
