[12:21:58] [ServerMain/INFO]: Environment: Environment[sessionHost=https://sessionserver.mojang.com, servicesHost=https://api.minecraftservices.com, name=PROD]
[12:21:59] [ServerMain/INFO]: Loaded 1290 recipes
[12:21:59] [ServerMain/INFO]: Loaded 1399 advancements
[12:21:59] [Server thread/INFO]: Starting minecraft server version 1.21.1
[12:21:59] [Server thread/INFO]: Loading properties
[12:21:59] [Server thread/INFO]: Default game type: SURVIVAL
[12:21:59] [Server thread/INFO]: Generating keypair
[12:21:59] [Server thread/INFO]: Starting Minecraft server on :::25565
[12:21:59] [Server thread/INFO]: Using default channel type
[12:22:00] [Server thread/INFO]: Preparing level "world"
[12:22:00] [Server thread/INFO]: Preparing start region for dimension minecraft:overworld
[12:22:00] [Worker-Main-13/INFO]: Preparing spawn area: 0%
[12:22:00] [Server thread/INFO]: Time elapsed: 269 ms
[12:22:00] [Server thread/INFO]: Done (0.960s)! For help, type "help"
[12:22:30] [User Authenticator #1/INFO]: UUID of player NoService21 is a262a6e2-be79-40ad-9666-77d481e3250c
[12:22:31] [Server thread/INFO]: NoService21[/[2a02:ab88:138e:0:390e:331e:4bd8:21bf]:61216] logged in with entity id 14 at (332.0214918756374, 75.0, 199.73431749533282)
[12:22:31] [Server thread/INFO]: NoService21 joined the game
[12:42:09] [Server thread/INFO]: Stopping the server
[12:42:09] [Server thread/INFO]: Stopping server
[12:42:09] [Server thread/INFO]: Saving players
[12:42:09] [Server thread/INFO]: Saving worlds
[12:42:09] [Server thread/INFO]: Saving chunks for level 'ServerLevel[Survival:2024]'/minecraft:overworld
[12:42:09] [Server thread/INFO]: Saving chunks for level 'ServerLevel[Survival:2024]'/minecraft:the_nether
[12:42:09] [Server thread/INFO]: Saving chunks for level 'ServerLevel[Survival:2024]'/minecraft:the_end
[12:42:09] [Server thread/INFO]: ThreadedAnvilChunkStorage (world): All chunks are saved
[12:42:09] [Server thread/INFO]: ThreadedAnvilChunkStorage (DIM-1): All chunks are saved
[12:42:09] [Server thread/INFO]: ThreadedAnvilChunkStorage (DIM1): All chunks are saved
[12:42:09] [Server thread/INFO]: ThreadedAnvilChunkStorage: All dimensions are saved
